
20121226 00:38:57-->allPrepare Error!: SQLSTATE[23000]: Integrity constraint violation: 1052 Column 'prod_id' in field list is ambiguous
:::PDOException Object
(
    [message:protected] => SQLSTATE[23000]: Integrity constraint violation: 1052 Column 'prod_id' in field list is ambiguous
    [string:Exception:private] => 
    [code:protected] => 23000
    [file:protected] => /Users/liuxiao/Sites/huafaner/lib/myPDO.inc
    [line:protected] => 60
    [trace:Exception:private] => Array
        (
            [0] => Array
                (
                    [file] => /Users/liuxiao/Sites/huafaner/lib/myPDO.inc
                    [line] => 60
                    [function] => execute
                    [class] => PDOStatement
                    [type] => ->
                    [args] => Array
                        (
                        )

                )

            [1] => Array
                (
                    [file] => /Users/liuxiao/Sites/huafaner/lib/myPDO.inc
                    [line] => 104
                    [function] => bindParams
                    [class] => myPDO
                    [type] => ->
                    [args] => Array
                        (
                            [0] => PDOStatement Object
                                (
                                    [queryString] => 
            select prod_id,b.pic_path from hua_prod_tag a
            left join hua_prod_pic b on a.prod_id=b.prod_id
            where a.tag_id in
            (
                select tag_id from hua_prod_tag where prod_id='52'
            )
            and b.pic_seq=2
        
                                )

                            [1] => Array
                                (
                                )

                        )

                )

            [2] => Array
                (
                    [file] => /Users/liuxiao/Sites/huafaner/dal/prodDal.inc
                    [line] => 301
                    [function] => allPrepare
                    [class] => myPDO
                    [type] => ->
                    [args] => Array
                        (
                            [0] => 
            select prod_id,b.pic_path from hua_prod_tag a
            left join hua_prod_pic b on a.prod_id=b.prod_id
            where a.tag_id in
            (
                select tag_id from hua_prod_tag where prod_id='52'
            )
            and b.pic_seq=2
        
                        )

                )

            [3] => Array
                (
                    [file] => /Users/liuxiao/Sites/huafaner/bll/prodBll.inc
                    [line] => 199
                    [function] => prodAlsoTag
                    [class] => prodDal
                    [type] => ::
                    [args] => Array
                        (
                            [0] => 52
                        )

                )

            [4] => Array
                (
                    [file] => /Users/liuxiao/Sites/huafaner/prod.php
                    [line] => 10
                    [function] => prodAlsoTag
                    [class] => prodBll
                    [type] => ::
                    [args] => Array
                        (
                            [0] => 52
                        )

                )

        )

    [previous:Exception:private] => 
    [errorInfo] => Array
        (
            [0] => 23000
            [1] => 1052
            [2] => Column 'prod_id' in field list is ambiguous
        )

)
<--
20121226 00:40:21-->allPrepare Error!: SQLSTATE[23000]: Integrity constraint violation: 1052 Column 'prod_id' in field list is ambiguous
:::PDOException Object
(
    [message:protected] => SQLSTATE[23000]: Integrity constraint violation: 1052 Column 'prod_id' in field list is ambiguous
    [string:Exception:private] => 
    [code:protected] => 23000
    [file:protected] => /Users/liuxiao/Sites/huafaner/lib/myPDO.inc
    [line:protected] => 60
    [trace:Exception:private] => Array
        (
            [0] => Array
                (
                    [file] => /Users/liuxiao/Sites/huafaner/lib/myPDO.inc
                    [line] => 60
                    [function] => execute
                    [class] => PDOStatement
                    [type] => ->
                    [args] => Array
                        (
                        )

                )

            [1] => Array
                (
                    [file] => /Users/liuxiao/Sites/huafaner/lib/myPDO.inc
                    [line] => 104
                    [function] => bindParams
                    [class] => myPDO
                    [type] => ->
                    [args] => Array
                        (
                            [0] => PDOStatement Object
                                (
                                    [queryString] => 
            select prod_id,b.pic_path from hua_prod_tag a
            left join hua_prod_pic b on a.prod_id=b.prod_id
            where a.tag_id in
            (
                select tag_id from hua_prod_tag where prod_id='51'
            )
            and b.pic_seq=2
        
                                )

                            [1] => Array
                                (
                                )

                        )

                )

            [2] => Array
                (
                    [file] => /Users/liuxiao/Sites/huafaner/dal/prodDal.inc
                    [line] => 301
                    [function] => allPrepare
                    [class] => myPDO
                    [type] => ->
                    [args] => Array
                        (
                            [0] => 
            select prod_id,b.pic_path from hua_prod_tag a
            left join hua_prod_pic b on a.prod_id=b.prod_id
            where a.tag_id in
            (
                select tag_id from hua_prod_tag where prod_id='51'
            )
            and b.pic_seq=2
        
                        )

                )

            [3] => Array
                (
                    [file] => /Users/liuxiao/Sites/huafaner/bll/prodBll.inc
                    [line] => 199
                    [function] => prodAlsoTag
                    [class] => prodDal
                    [type] => ::
                    [args] => Array
                        (
                            [0] => 51
                        )

                )

            [4] => Array
                (
                    [file] => /Users/liuxiao/Sites/huafaner/prod.php
                    [line] => 10
                    [function] => prodAlsoTag
                    [class] => prodBll
                    [type] => ::
                    [args] => Array
                        (
                            [0] => 51
                        )

                )

        )

    [previous:Exception:private] => 
    [errorInfo] => Array
        (
            [0] => 23000
            [1] => 1052
            [2] => Column 'prod_id' in field list is ambiguous
        )

)
<--
20121226 00:40:40-->allPrepare Error!: SQLSTATE[23000]: Integrity constraint violation: 1052 Column 'prod_id' in field list is ambiguous
:::PDOException Object
(
    [message:protected] => SQLSTATE[23000]: Integrity constraint violation: 1052 Column 'prod_id' in field list is ambiguous
    [string:Exception:private] => 
    [code:protected] => 23000
    [file:protected] => /Users/liuxiao/Sites/huafaner/lib/myPDO.inc
    [line:protected] => 60
    [trace:Exception:private] => Array
        (
            [0] => Array
                (
                    [file] => /Users/liuxiao/Sites/huafaner/lib/myPDO.inc
                    [line] => 60
                    [function] => execute
                    [class] => PDOStatement
                    [type] => ->
                    [args] => Array
                        (
                        )

                )

            [1] => Array
                (
                    [file] => /Users/liuxiao/Sites/huafaner/lib/myPDO.inc
                    [line] => 104
                    [function] => bindParams
                    [class] => myPDO
                    [type] => ->
                    [args] => Array
                        (
                            [0] => PDOStatement Object
                                (
                                    [queryString] => 
            select prod_id,b.pic_path from hua_prod_tag a
            left join hua_prod_pic b on a.prod_id=b.prod_id
            where a.tag_id in
            (
                select tag_id from hua_prod_tag where prod_id='51'
            )
            and b.pic_seq=2
        
                                )

                            [1] => Array
                                (
                                )

                        )

                )

            [2] => Array
                (
                    [file] => /Users/liuxiao/Sites/huafaner/dal/prodDal.inc
                    [line] => 301
                    [function] => allPrepare
                    [class] => myPDO
                    [type] => ->
                    [args] => Array
                        (
                            [0] => 
            select prod_id,b.pic_path from hua_prod_tag a
            left join hua_prod_pic b on a.prod_id=b.prod_id
            where a.tag_id in
            (
                select tag_id from hua_prod_tag where prod_id='51'
            )
            and b.pic_seq=2
        
                        )

                )

            [3] => Array
                (
                    [file] => /Users/liuxiao/Sites/huafaner/bll/prodBll.inc
                    [line] => 199
                    [function] => prodAlsoTag
                    [class] => prodDal
                    [type] => ::
                    [args] => Array
                        (
                            [0] => 51
                        )

                )

            [4] => Array
                (
                    [file] => /Users/liuxiao/Sites/huafaner/prod.php
                    [line] => 10
                    [function] => prodAlsoTag
                    [class] => prodBll
                    [type] => ::
                    [args] => Array
                        (
                            [0] => 51
                        )

                )

        )

    [previous:Exception:private] => 
    [errorInfo] => Array
        (
            [0] => 23000
            [1] => 1052
            [2] => Column 'prod_id' in field list is ambiguous
        )

)
<--
20121226 00:42:03-->allPrepare Error!: SQLSTATE[23000]: Integrity constraint violation: 1052 Column 'prod_id' in field list is ambiguous
:::PDOException Object
(
    [message:protected] => SQLSTATE[23000]: Integrity constraint violation: 1052 Column 'prod_id' in field list is ambiguous
    [string:Exception:private] => 
    [code:protected] => 23000
    [file:protected] => /Users/liuxiao/Sites/huafaner/lib/myPDO.inc
    [line:protected] => 60
    [trace:Exception:private] => Array
        (
            [0] => Array
                (
                    [file] => /Users/liuxiao/Sites/huafaner/lib/myPDO.inc
                    [line] => 60
                    [function] => execute
                    [class] => PDOStatement
                    [type] => ->
                    [args] => Array
                        (
                        )

                )

            [1] => Array
                (
                    [file] => /Users/liuxiao/Sites/huafaner/lib/myPDO.inc
                    [line] => 104
                    [function] => bindParams
                    [class] => myPDO
                    [type] => ->
                    [args] => Array
                        (
                            [0] => PDOStatement Object
                                (
                                    [queryString] => 
            select prod_id,b.pic_path from hua_prod_tag a
            left join hua_prod_pic b on a.prod_id=b.prod_id
            where a.tag_id in
            (
                select tag_id from hua_prod_tag where prod_id='51'
            )
            and b.pic_seq=2
        
                                )

                            [1] => Array
                                (
                                )

                        )

                )

            [2] => Array
                (
                    [file] => /Users/liuxiao/Sites/huafaner/dal/prodDal.inc
                    [line] => 301
                    [function] => allPrepare
                    [class] => myPDO
                    [type] => ->
                    [args] => Array
                        (
                            [0] => 
            select prod_id,b.pic_path from hua_prod_tag a
            left join hua_prod_pic b on a.prod_id=b.prod_id
            where a.tag_id in
            (
                select tag_id from hua_prod_tag where prod_id='51'
            )
            and b.pic_seq=2
        
                        )

                )

            [3] => Array
                (
                    [file] => /Users/liuxiao/Sites/huafaner/bll/prodBll.inc
                    [line] => 199
                    [function] => prodAlsoTag
                    [class] => prodDal
                    [type] => ::
                    [args] => Array
                        (
                            [0] => 51
                        )

                )

            [4] => Array
                (
                    [file] => /Users/liuxiao/Sites/huafaner/prod.php
                    [line] => 10
                    [function] => prodAlsoTag
                    [class] => prodBll
                    [type] => ::
                    [args] => Array
                        (
                            [0] => 51
                        )

                )

        )

    [previous:Exception:private] => 
    [errorInfo] => Array
        (
            [0] => 23000
            [1] => 1052
            [2] => Column 'prod_id' in field list is ambiguous
        )

)
<--
20121226 00:42:21-->allPrepare Error!: SQLSTATE[23000]: Integrity constraint violation: 1052 Column 'prod_id' in field list is ambiguous
:::PDOException Object
(
    [message:protected] => SQLSTATE[23000]: Integrity constraint violation: 1052 Column 'prod_id' in field list is ambiguous
    [string:Exception:private] => 
    [code:protected] => 23000
    [file:protected] => /Users/liuxiao/Sites/huafaner/lib/myPDO.inc
    [line:protected] => 60
    [trace:Exception:private] => Array
        (
            [0] => Array
                (
                    [file] => /Users/liuxiao/Sites/huafaner/lib/myPDO.inc
                    [line] => 60
                    [function] => execute
                    [class] => PDOStatement
                    [type] => ->
                    [args] => Array
                        (
                        )

                )

            [1] => Array
                (
                    [file] => /Users/liuxiao/Sites/huafaner/lib/myPDO.inc
                    [line] => 104
                    [function] => bindParams
                    [class] => myPDO
                    [type] => ->
                    [args] => Array
                        (
                            [0] => PDOStatement Object
                                (
                                    [queryString] => 
            select prod_id,b.pic_path from hua_prod_tag a
            left join hua_prod_pic b on a.prod_id=b.prod_id
            where a.tag_id in
            (
                select tag_id from hua_prod_tag where prod_id='51'
            )
            and b.pic_seq=2
        
                                )

                            [1] => Array
                                (
                                )

                        )

                )

            [2] => Array
                (
                    [file] => /Users/liuxiao/Sites/huafaner/dal/prodDal.inc
                    [line] => 301
                    [function] => allPrepare
                    [class] => myPDO
                    [type] => ->
                    [args] => Array
                        (
                            [0] => 
            select prod_id,b.pic_path from hua_prod_tag a
            left join hua_prod_pic b on a.prod_id=b.prod_id
            where a.tag_id in
            (
                select tag_id from hua_prod_tag where prod_id='51'
            )
            and b.pic_seq=2
        
                        )

                )

            [3] => Array
                (
                    [file] => /Users/liuxiao/Sites/huafaner/bll/prodBll.inc
                    [line] => 199
                    [function] => prodAlsoTag
                    [class] => prodDal
                    [type] => ::
                    [args] => Array
                        (
                            [0] => 51
                        )

                )

            [4] => Array
                (
                    [file] => /Users/liuxiao/Sites/huafaner/prod.php
                    [line] => 10
                    [function] => prodAlsoTag
                    [class] => prodBll
                    [type] => ::
                    [args] => Array
                        (
                            [0] => 51
                        )

                )

        )

    [previous:Exception:private] => 
    [errorInfo] => Array
        (
            [0] => 23000
            [1] => 1052
            [2] => Column 'prod_id' in field list is ambiguous
        )

)
<--
20121226 00:42:57-->allPrepare Error!: SQLSTATE[23000]: Integrity constraint violation: 1052 Column 'prod_id' in field list is ambiguous
:::PDOException Object
(
    [message:protected] => SQLSTATE[23000]: Integrity constraint violation: 1052 Column 'prod_id' in field list is ambiguous
    [string:Exception:private] => 
    [code:protected] => 23000
    [file:protected] => /Users/liuxiao/Sites/huafaner/lib/myPDO.inc
    [line:protected] => 60
    [trace:Exception:private] => Array
        (
            [0] => Array
                (
                    [file] => /Users/liuxiao/Sites/huafaner/lib/myPDO.inc
                    [line] => 60
                    [function] => execute
                    [class] => PDOStatement
                    [type] => ->
                    [args] => Array
                        (
                        )

                )

            [1] => Array
                (
                    [file] => /Users/liuxiao/Sites/huafaner/lib/myPDO.inc
                    [line] => 104
                    [function] => bindParams
                    [class] => myPDO
                    [type] => ->
                    [args] => Array
                        (
                            [0] => PDOStatement Object
                                (
                                    [queryString] => 
            select prod_id,b.pic_path from hua_prod_tag a
            left join hua_prod_pic b on a.prod_id=b.prod_id
            where a.tag_id in
            (
                select tag_id from hua_prod_tag where prod_id='51'
            )
            and b.pic_seq=2
        
                                )

                            [1] => Array
                                (
                                )

                        )

                )

            [2] => Array
                (
                    [file] => /Users/liuxiao/Sites/huafaner/dal/prodDal.inc
                    [line] => 301
                    [function] => allPrepare
                    [class] => myPDO
                    [type] => ->
                    [args] => Array
                        (
                            [0] => 
            select prod_id,b.pic_path from hua_prod_tag a
            left join hua_prod_pic b on a.prod_id=b.prod_id
            where a.tag_id in
            (
                select tag_id from hua_prod_tag where prod_id='51'
            )
            and b.pic_seq=2
        
                        )

                )

            [3] => Array
                (
                    [file] => /Users/liuxiao/Sites/huafaner/bll/prodBll.inc
                    [line] => 199
                    [function] => prodAlsoTag
                    [class] => prodDal
                    [type] => ::
                    [args] => Array
                        (
                            [0] => 51
                        )

                )

            [4] => Array
                (
                    [file] => /Users/liuxiao/Sites/huafaner/prod.php
                    [line] => 10
                    [function] => prodAlsoTag
                    [class] => prodBll
                    [type] => ::
                    [args] => Array
                        (
                            [0] => 51
                        )

                )

        )

    [previous:Exception:private] => 
    [errorInfo] => Array
        (
            [0] => 23000
            [1] => 1052
            [2] => Column 'prod_id' in field list is ambiguous
        )

)
<--
20121226 00:46:45-->allPrepare Error!: SQLSTATE[23000]: Integrity constraint violation: 1052 Column 'prod_id' in field list is ambiguous
:::PDOException Object
(
    [message:protected] => SQLSTATE[23000]: Integrity constraint violation: 1052 Column 'prod_id' in field list is ambiguous
    [string:Exception:private] => 
    [code:protected] => 23000
    [file:protected] => /Users/liuxiao/Sites/huafaner/lib/myPDO.inc
    [line:protected] => 60
    [trace:Exception:private] => Array
        (
            [0] => Array
                (
                    [file] => /Users/liuxiao/Sites/huafaner/lib/myPDO.inc
                    [line] => 60
                    [function] => execute
                    [class] => PDOStatement
                    [type] => ->
                    [args] => Array
                        (
                        )

                )

            [1] => Array
                (
                    [file] => /Users/liuxiao/Sites/huafaner/lib/myPDO.inc
                    [line] => 104
                    [function] => bindParams
                    [class] => myPDO
                    [type] => ->
                    [args] => Array
                        (
                            [0] => PDOStatement Object
                                (
                                    [queryString] => 
            select prod_id,b.pic_path from hua_prod_tag a
            left join hua_prod_pic b on a.prod_id=b.prod_id
            where a.tag_id in
            (
                select tag_id from hua_prod_tag where prod_id='52'
            )
            and b.pic_seq=2
        
                                )

                            [1] => Array
                                (
                                )

                        )

                )

            [2] => Array
                (
                    [file] => /Users/liuxiao/Sites/huafaner/dal/prodDal.inc
                    [line] => 301
                    [function] => allPrepare
                    [class] => myPDO
                    [type] => ->
                    [args] => Array
                        (
                            [0] => 
            select prod_id,b.pic_path from hua_prod_tag a
            left join hua_prod_pic b on a.prod_id=b.prod_id
            where a.tag_id in
            (
                select tag_id from hua_prod_tag where prod_id='52'
            )
            and b.pic_seq=2
        
                        )

                )

            [3] => Array
                (
                    [file] => /Users/liuxiao/Sites/huafaner/bll/prodBll.inc
                    [line] => 199
                    [function] => prodAlsoTag
                    [class] => prodDal
                    [type] => ::
                    [args] => Array
                        (
                            [0] => 52
                        )

                )

            [4] => Array
                (
                    [file] => /Users/liuxiao/Sites/huafaner/prod.php
                    [line] => 10
                    [function] => prodAlsoTag
                    [class] => prodBll
                    [type] => ::
                    [args] => Array
                        (
                            [0] => 52
                        )

                )

        )

    [previous:Exception:private] => 
    [errorInfo] => Array
        (
            [0] => 23000
            [1] => 1052
            [2] => Column 'prod_id' in field list is ambiguous
        )

)
<--
20121226 00:47:13-->allPrepare Error!: SQLSTATE[23000]: Integrity constraint violation: 1052 Column 'prod_id' in field list is ambiguous
:::PDOException Object
(
    [message:protected] => SQLSTATE[23000]: Integrity constraint violation: 1052 Column 'prod_id' in field list is ambiguous
    [string:Exception:private] => 
    [code:protected] => 23000
    [file:protected] => /Users/liuxiao/Sites/huafaner/lib/myPDO.inc
    [line:protected] => 60
    [trace:Exception:private] => Array
        (
            [0] => Array
                (
                    [file] => /Users/liuxiao/Sites/huafaner/lib/myPDO.inc
                    [line] => 60
                    [function] => execute
                    [class] => PDOStatement
                    [type] => ->
                    [args] => Array
                        (
                        )

                )

            [1] => Array
                (
                    [file] => /Users/liuxiao/Sites/huafaner/lib/myPDO.inc
                    [line] => 104
                    [function] => bindParams
                    [class] => myPDO
                    [type] => ->
                    [args] => Array
                        (
                            [0] => PDOStatement Object
                                (
                                    [queryString] => 
            select prod_id,b.pic_path from hua_prod_tag a
            left join hua_prod_pic b on a.prod_id=b.prod_id
            where a.tag_id in
            (
                select tag_id from hua_prod_tag where prod_id='52'
            )
            and b.pic_seq=2
        
                                )

                            [1] => Array
                                (
                                )

                        )

                )

            [2] => Array
                (
                    [file] => /Users/liuxiao/Sites/huafaner/dal/prodDal.inc
                    [line] => 301
                    [function] => allPrepare
                    [class] => myPDO
                    [type] => ->
                    [args] => Array
                        (
                            [0] => 
            select prod_id,b.pic_path from hua_prod_tag a
            left join hua_prod_pic b on a.prod_id=b.prod_id
            where a.tag_id in
            (
                select tag_id from hua_prod_tag where prod_id='52'
            )
            and b.pic_seq=2
        
                        )

                )

            [3] => Array
                (
                    [file] => /Users/liuxiao/Sites/huafaner/bll/prodBll.inc
                    [line] => 199
                    [function] => prodAlsoTag
                    [class] => prodDal
                    [type] => ::
                    [args] => Array
                        (
                            [0] => 52
                        )

                )

            [4] => Array
                (
                    [file] => /Users/liuxiao/Sites/huafaner/prod.php
                    [line] => 10
                    [function] => prodAlsoTag
                    [class] => prodBll
                    [type] => ::
                    [args] => Array
                        (
                            [0] => 52
                        )

                )

        )

    [previous:Exception:private] => 
    [errorInfo] => Array
        (
            [0] => 23000
            [1] => 1052
            [2] => Column 'prod_id' in field list is ambiguous
        )

)
<--
20121226 00:49:28-->allPrepare Error!: SQLSTATE[23000]: Integrity constraint violation: 1052 Column 'prod_id' in field list is ambiguous
:::PDOException Object
(
    [message:protected] => SQLSTATE[23000]: Integrity constraint violation: 1052 Column 'prod_id' in field list is ambiguous
    [string:Exception:private] => 
    [code:protected] => 23000
    [file:protected] => /Users/liuxiao/Sites/huafaner/lib/myPDO.inc
    [line:protected] => 60
    [trace:Exception:private] => Array
        (
            [0] => Array
                (
                    [file] => /Users/liuxiao/Sites/huafaner/lib/myPDO.inc
                    [line] => 60
                    [function] => execute
                    [class] => PDOStatement
                    [type] => ->
                    [args] => Array
                        (
                        )

                )

            [1] => Array
                (
                    [file] => /Users/liuxiao/Sites/huafaner/lib/myPDO.inc
                    [line] => 104
                    [function] => bindParams
                    [class] => myPDO
                    [type] => ->
                    [args] => Array
                        (
                            [0] => PDOStatement Object
                                (
                                    [queryString] => 
            select prod_id,b.pic_path from hua_prod_tag a
            left join hua_prod_pic b on a.prod_id=b.prod_id
            where a.tag_id in
            (
                select tag_id from hua_prod_tag where prod_id='52'
            )
            and b.pic_seq=2
        
                                )

                            [1] => Array
                                (
                                )

                        )

                )

            [2] => Array
                (
                    [file] => /Users/liuxiao/Sites/huafaner/dal/prodDal.inc
                    [line] => 301
                    [function] => allPrepare
                    [class] => myPDO
                    [type] => ->
                    [args] => Array
                        (
                            [0] => 
            select prod_id,b.pic_path from hua_prod_tag a
            left join hua_prod_pic b on a.prod_id=b.prod_id
            where a.tag_id in
            (
                select tag_id from hua_prod_tag where prod_id='52'
            )
            and b.pic_seq=2
        
                        )

                )

            [3] => Array
                (
                    [file] => /Users/liuxiao/Sites/huafaner/bll/prodBll.inc
                    [line] => 199
                    [function] => prodAlsoTag
                    [class] => prodDal
                    [type] => ::
                    [args] => Array
                        (
                            [0] => 52
                        )

                )

            [4] => Array
                (
                    [file] => /Users/liuxiao/Sites/huafaner/prod.php
                    [line] => 10
                    [function] => prodAlsoTag
                    [class] => prodBll
                    [type] => ::
                    [args] => Array
                        (
                            [0] => 52
                        )

                )

        )

    [previous:Exception:private] => 
    [errorInfo] => Array
        (
            [0] => 23000
            [1] => 1052
            [2] => Column 'prod_id' in field list is ambiguous
        )

)
<--
20121226 00:49:44-->allPrepare Error!: SQLSTATE[23000]: Integrity constraint violation: 1052 Column 'prod_id' in field list is ambiguous
:::PDOException Object
(
    [message:protected] => SQLSTATE[23000]: Integrity constraint violation: 1052 Column 'prod_id' in field list is ambiguous
    [string:Exception:private] => 
    [code:protected] => 23000
    [file:protected] => /Users/liuxiao/Sites/huafaner/lib/myPDO.inc
    [line:protected] => 60
    [trace:Exception:private] => Array
        (
            [0] => Array
                (
                    [file] => /Users/liuxiao/Sites/huafaner/lib/myPDO.inc
                    [line] => 60
                    [function] => execute
                    [class] => PDOStatement
                    [type] => ->
                    [args] => Array
                        (
                        )

                )

            [1] => Array
                (
                    [file] => /Users/liuxiao/Sites/huafaner/lib/myPDO.inc
                    [line] => 104
                    [function] => bindParams
                    [class] => myPDO
                    [type] => ->
                    [args] => Array
                        (
                            [0] => PDOStatement Object
                                (
                                    [queryString] => 
            select prod_id,b.pic_path from hua_prod_tag a
            left join hua_prod_pic b on a.prod_id=b.prod_id
            where a.tag_id in
            (
                select tag_id from hua_prod_tag where prod_id='52'
            )
            and b.pic_seq=2
        
                                )

                            [1] => Array
                                (
                                )

                        )

                )

            [2] => Array
                (
                    [file] => /Users/liuxiao/Sites/huafaner/dal/prodDal.inc
                    [line] => 301
                    [function] => allPrepare
                    [class] => myPDO
                    [type] => ->
                    [args] => Array
                        (
                            [0] => 
            select prod_id,b.pic_path from hua_prod_tag a
            left join hua_prod_pic b on a.prod_id=b.prod_id
            where a.tag_id in
            (
                select tag_id from hua_prod_tag where prod_id='52'
            )
            and b.pic_seq=2
        
                        )

                )

            [3] => Array
                (
                    [file] => /Users/liuxiao/Sites/huafaner/bll/prodBll.inc
                    [line] => 199
                    [function] => prodAlsoTag
                    [class] => prodDal
                    [type] => ::
                    [args] => Array
                        (
                            [0] => 52
                        )

                )

            [4] => Array
                (
                    [file] => /Users/liuxiao/Sites/huafaner/prod.php
                    [line] => 10
                    [function] => prodAlsoTag
                    [class] => prodBll
                    [type] => ::
                    [args] => Array
                        (
                            [0] => 52
                        )

                )

        )

    [previous:Exception:private] => 
    [errorInfo] => Array
        (
            [0] => 23000
            [1] => 1052
            [2] => Column 'prod_id' in field list is ambiguous
        )

)
<--
20121226 00:50:05-->allPrepare Error!: SQLSTATE[23000]: Integrity constraint violation: 1052 Column 'prod_id' in field list is ambiguous
:::PDOException Object
(
    [message:protected] => SQLSTATE[23000]: Integrity constraint violation: 1052 Column 'prod_id' in field list is ambiguous
    [string:Exception:private] => 
    [code:protected] => 23000
    [file:protected] => /Users/liuxiao/Sites/huafaner/lib/myPDO.inc
    [line:protected] => 60
    [trace:Exception:private] => Array
        (
            [0] => Array
                (
                    [file] => /Users/liuxiao/Sites/huafaner/lib/myPDO.inc
                    [line] => 60
                    [function] => execute
                    [class] => PDOStatement
                    [type] => ->
                    [args] => Array
                        (
                        )

                )

            [1] => Array
                (
                    [file] => /Users/liuxiao/Sites/huafaner/lib/myPDO.inc
                    [line] => 104
                    [function] => bindParams
                    [class] => myPDO
                    [type] => ->
                    [args] => Array
                        (
                            [0] => PDOStatement Object
                                (
                                    [queryString] => 
            select prod_id,b.pic_path from hua_prod_tag a
            left join hua_prod_pic b on a.prod_id=b.prod_id
            where a.tag_id in
            (
                select tag_id from hua_prod_tag where prod_id='52'
            )
            and b.pic_seq=2
        
                                )

                            [1] => Array
                                (
                                )

                        )

                )

            [2] => Array
                (
                    [file] => /Users/liuxiao/Sites/huafaner/dal/prodDal.inc
                    [line] => 301
                    [function] => allPrepare
                    [class] => myPDO
                    [type] => ->
                    [args] => Array
                        (
                            [0] => 
            select prod_id,b.pic_path from hua_prod_tag a
            left join hua_prod_pic b on a.prod_id=b.prod_id
            where a.tag_id in
            (
                select tag_id from hua_prod_tag where prod_id='52'
            )
            and b.pic_seq=2
        
                        )

                )

            [3] => Array
                (
                    [file] => /Users/liuxiao/Sites/huafaner/bll/prodBll.inc
                    [line] => 199
                    [function] => prodAlsoTag
                    [class] => prodDal
                    [type] => ::
                    [args] => Array
                        (
                            [0] => 52
                        )

                )

            [4] => Array
                (
                    [file] => /Users/liuxiao/Sites/huafaner/prod.php
                    [line] => 10
                    [function] => prodAlsoTag
                    [class] => prodBll
                    [type] => ::
                    [args] => Array
                        (
                            [0] => 52
                        )

                )

        )

    [previous:Exception:private] => 
    [errorInfo] => Array
        (
            [0] => 23000
            [1] => 1052
            [2] => Column 'prod_id' in field list is ambiguous
        )

)
<--
20121226 00:50:21-->allPrepare Error!: SQLSTATE[23000]: Integrity constraint violation: 1052 Column 'prod_id' in field list is ambiguous
:::PDOException Object
(
    [message:protected] => SQLSTATE[23000]: Integrity constraint violation: 1052 Column 'prod_id' in field list is ambiguous
    [string:Exception:private] => 
    [code:protected] => 23000
    [file:protected] => /Users/liuxiao/Sites/huafaner/lib/myPDO.inc
    [line:protected] => 60
    [trace:Exception:private] => Array
        (
            [0] => Array
                (
                    [file] => /Users/liuxiao/Sites/huafaner/lib/myPDO.inc
                    [line] => 60
                    [function] => execute
                    [class] => PDOStatement
                    [type] => ->
                    [args] => Array
                        (
                        )

                )

            [1] => Array
                (
                    [file] => /Users/liuxiao/Sites/huafaner/lib/myPDO.inc
                    [line] => 104
                    [function] => bindParams
                    [class] => myPDO
                    [type] => ->
                    [args] => Array
                        (
                            [0] => PDOStatement Object
                                (
                                    [queryString] => 
            select prod_id,b.pic_path from hua_prod_tag a
            left join hua_prod_pic b on a.prod_id=b.prod_id
            where a.tag_id in
            (
                select tag_id from hua_prod_tag where prod_id='52'
            )
            and b.pic_seq=2
        
                                )

                            [1] => Array
                                (
                                )

                        )

                )

            [2] => Array
                (
                    [file] => /Users/liuxiao/Sites/huafaner/dal/prodDal.inc
                    [line] => 301
                    [function] => allPrepare
                    [class] => myPDO
                    [type] => ->
                    [args] => Array
                        (
                            [0] => 
            select prod_id,b.pic_path from hua_prod_tag a
            left join hua_prod_pic b on a.prod_id=b.prod_id
            where a.tag_id in
            (
                select tag_id from hua_prod_tag where prod_id='52'
            )
            and b.pic_seq=2
        
                        )

                )

            [3] => Array
                (
                    [file] => /Users/liuxiao/Sites/huafaner/bll/prodBll.inc
                    [line] => 199
                    [function] => prodAlsoTag
                    [class] => prodDal
                    [type] => ::
                    [args] => Array
                        (
                            [0] => 52
                        )

                )

            [4] => Array
                (
                    [file] => /Users/liuxiao/Sites/huafaner/prod.php
                    [line] => 10
                    [function] => prodAlsoTag
                    [class] => prodBll
                    [type] => ::
                    [args] => Array
                        (
                            [0] => 52
                        )

                )

        )

    [previous:Exception:private] => 
    [errorInfo] => Array
        (
            [0] => 23000
            [1] => 1052
            [2] => Column 'prod_id' in field list is ambiguous
        )

)
<--
20121226 00:50:59-->allPrepare Error!: SQLSTATE[23000]: Integrity constraint violation: 1052 Column 'prod_id' in field list is ambiguous
:::PDOException Object
(
    [message:protected] => SQLSTATE[23000]: Integrity constraint violation: 1052 Column 'prod_id' in field list is ambiguous
    [string:Exception:private] => 
    [code:protected] => 23000
    [file:protected] => /Users/liuxiao/Sites/huafaner/lib/myPDO.inc
    [line:protected] => 60
    [trace:Exception:private] => Array
        (
            [0] => Array
                (
                    [file] => /Users/liuxiao/Sites/huafaner/lib/myPDO.inc
                    [line] => 60
                    [function] => execute
                    [class] => PDOStatement
                    [type] => ->
                    [args] => Array
                        (
                        )

                )

            [1] => Array
                (
                    [file] => /Users/liuxiao/Sites/huafaner/lib/myPDO.inc
                    [line] => 104
                    [function] => bindParams
                    [class] => myPDO
                    [type] => ->
                    [args] => Array
                        (
                            [0] => PDOStatement Object
                                (
                                    [queryString] => 
            select prod_id,b.pic_path from hua_prod_tag a
            left join hua_prod_pic b on a.prod_id=b.prod_id
            where a.tag_id in
            (
                select tag_id from hua_prod_tag where prod_id='52'
            )
            and b.pic_seq=2
        
                                )

                            [1] => Array
                                (
                                )

                        )

                )

            [2] => Array
                (
                    [file] => /Users/liuxiao/Sites/huafaner/dal/prodDal.inc
                    [line] => 301
                    [function] => allPrepare
                    [class] => myPDO
                    [type] => ->
                    [args] => Array
                        (
                            [0] => 
            select prod_id,b.pic_path from hua_prod_tag a
            left join hua_prod_pic b on a.prod_id=b.prod_id
            where a.tag_id in
            (
                select tag_id from hua_prod_tag where prod_id='52'
            )
            and b.pic_seq=2
        
                        )

                )

            [3] => Array
                (
                    [file] => /Users/liuxiao/Sites/huafaner/bll/prodBll.inc
                    [line] => 199
                    [function] => prodAlsoTag
                    [class] => prodDal
                    [type] => ::
                    [args] => Array
                        (
                            [0] => 52
                        )

                )

            [4] => Array
                (
                    [file] => /Users/liuxiao/Sites/huafaner/prod.php
                    [line] => 10
                    [function] => prodAlsoTag
                    [class] => prodBll
                    [type] => ::
                    [args] => Array
                        (
                            [0] => 52
                        )

                )

        )

    [previous:Exception:private] => 
    [errorInfo] => Array
        (
            [0] => 23000
            [1] => 1052
            [2] => Column 'prod_id' in field list is ambiguous
        )

)
<--
20121226 00:51:13-->allPrepare Error!: SQLSTATE[23000]: Integrity constraint violation: 1052 Column 'prod_id' in field list is ambiguous
:::PDOException Object
(
    [message:protected] => SQLSTATE[23000]: Integrity constraint violation: 1052 Column 'prod_id' in field list is ambiguous
    [string:Exception:private] => 
    [code:protected] => 23000
    [file:protected] => /Users/liuxiao/Sites/huafaner/lib/myPDO.inc
    [line:protected] => 60
    [trace:Exception:private] => Array
        (
            [0] => Array
                (
                    [file] => /Users/liuxiao/Sites/huafaner/lib/myPDO.inc
                    [line] => 60
                    [function] => execute
                    [class] => PDOStatement
                    [type] => ->
                    [args] => Array
                        (
                        )

                )

            [1] => Array
                (
                    [file] => /Users/liuxiao/Sites/huafaner/lib/myPDO.inc
                    [line] => 104
                    [function] => bindParams
                    [class] => myPDO
                    [type] => ->
                    [args] => Array
                        (
                            [0] => PDOStatement Object
                                (
                                    [queryString] => 
            select prod_id,b.pic_path from hua_prod_tag a
            left join hua_prod_pic b on a.prod_id=b.prod_id
            where a.tag_id in
            (
                select tag_id from hua_prod_tag where prod_id='52'
            )
            and b.pic_seq=2
        
                                )

                            [1] => Array
                                (
                                )

                        )

                )

            [2] => Array
                (
                    [file] => /Users/liuxiao/Sites/huafaner/dal/prodDal.inc
                    [line] => 301
                    [function] => allPrepare
                    [class] => myPDO
                    [type] => ->
                    [args] => Array
                        (
                            [0] => 
            select prod_id,b.pic_path from hua_prod_tag a
            left join hua_prod_pic b on a.prod_id=b.prod_id
            where a.tag_id in
            (
                select tag_id from hua_prod_tag where prod_id='52'
            )
            and b.pic_seq=2
        
                        )

                )

            [3] => Array
                (
                    [file] => /Users/liuxiao/Sites/huafaner/bll/prodBll.inc
                    [line] => 199
                    [function] => prodAlsoTag
                    [class] => prodDal
                    [type] => ::
                    [args] => Array
                        (
                            [0] => 52
                        )

                )

            [4] => Array
                (
                    [file] => /Users/liuxiao/Sites/huafaner/prod.php
                    [line] => 10
                    [function] => prodAlsoTag
                    [class] => prodBll
                    [type] => ::
                    [args] => Array
                        (
                            [0] => 52
                        )

                )

        )

    [previous:Exception:private] => 
    [errorInfo] => Array
        (
            [0] => 23000
            [1] => 1052
            [2] => Column 'prod_id' in field list is ambiguous
        )

)
<--
20121226 00:51:28-->allPrepare Error!: SQLSTATE[23000]: Integrity constraint violation: 1052 Column 'prod_id' in field list is ambiguous
:::PDOException Object
(
    [message:protected] => SQLSTATE[23000]: Integrity constraint violation: 1052 Column 'prod_id' in field list is ambiguous
    [string:Exception:private] => 
    [code:protected] => 23000
    [file:protected] => /Users/liuxiao/Sites/huafaner/lib/myPDO.inc
    [line:protected] => 60
    [trace:Exception:private] => Array
        (
            [0] => Array
                (
                    [file] => /Users/liuxiao/Sites/huafaner/lib/myPDO.inc
                    [line] => 60
                    [function] => execute
                    [class] => PDOStatement
                    [type] => ->
                    [args] => Array
                        (
                        )

                )

            [1] => Array
                (
                    [file] => /Users/liuxiao/Sites/huafaner/lib/myPDO.inc
                    [line] => 104
                    [function] => bindParams
                    [class] => myPDO
                    [type] => ->
                    [args] => Array
                        (
                            [0] => PDOStatement Object
                                (
                                    [queryString] => 
            select prod_id,b.pic_path from hua_prod_tag a
            left join hua_prod_pic b on a.prod_id=b.prod_id
            where a.tag_id in
            (
                select tag_id from hua_prod_tag where prod_id='52'
            )
            and b.pic_seq=2
        
                                )

                            [1] => Array
                                (
                                )

                        )

                )

            [2] => Array
                (
                    [file] => /Users/liuxiao/Sites/huafaner/dal/prodDal.inc
                    [line] => 301
                    [function] => allPrepare
                    [class] => myPDO
                    [type] => ->
                    [args] => Array
                        (
                            [0] => 
            select prod_id,b.pic_path from hua_prod_tag a
            left join hua_prod_pic b on a.prod_id=b.prod_id
            where a.tag_id in
            (
                select tag_id from hua_prod_tag where prod_id='52'
            )
            and b.pic_seq=2
        
                        )

                )

            [3] => Array
                (
                    [file] => /Users/liuxiao/Sites/huafaner/bll/prodBll.inc
                    [line] => 199
                    [function] => prodAlsoTag
                    [class] => prodDal
                    [type] => ::
                    [args] => Array
                        (
                            [0] => 52
                        )

                )

            [4] => Array
                (
                    [file] => /Users/liuxiao/Sites/huafaner/prod.php
                    [line] => 10
                    [function] => prodAlsoTag
                    [class] => prodBll
                    [type] => ::
                    [args] => Array
                        (
                            [0] => 52
                        )

                )

        )

    [previous:Exception:private] => 
    [errorInfo] => Array
        (
            [0] => 23000
            [1] => 1052
            [2] => Column 'prod_id' in field list is ambiguous
        )

)
<--