
20121215 14:22:20-->allPrepare Error!: SQLSTATE[42000]: Syntax error or access violation: 1064 You have an error in your SQL syntax; check the manual that corresponds to your MySQL server version for the right syntax to use near ') and prod_cat=1' at line 3
:::PDOException Object
(
    [message:protected] => SQLSTATE[42000]: Syntax error or access violation: 1064 You have an error in your SQL syntax; check the manual that corresponds to your MySQL server version for the right syntax to use near ') and prod_cat=1' at line 3
    [string:Exception:private] => 
    [code:protected] => 42000
    [file:protected] => /Users/liuxiao/Sites/huafaner/lib/myPDO.inc
    [line:protected] => 60
    [trace:Exception:private] => Array
        (
            [0] => Array
                (
                    [file] => /Users/liuxiao/Sites/huafaner/lib/myPDO.inc
                    [line] => 60
                    [function] => execute
                    [class] => PDOStatement
                    [type] => ->
                    [args] => Array
                        (
                        )

                )

            [1] => Array
                (
                    [file] => /Users/liuxiao/Sites/huafaner/lib/myPDO.inc
                    [line] => 104
                    [function] => bindParams
                    [class] => myPDO
                    [type] => ->
                    [args] => Array
                        (
                            [0] => PDOStatement Object
                                (
                                    [queryString] => select a.*,b.* from hua_prod a
            left join hua_prod_pic b on a.prod_id=b.prod_id and b.pic_seq=0
            where a.prod_id in () and prod_cat=1
                                )

                            [1] => Array
                                (
                                )

                        )

                )

            [2] => Array
                (
                    [file] => /Users/liuxiao/Sites/huafaner/dal/prodDal.inc
                    [line] => 159
                    [function] => allPrepare
                    [class] => myPDO
                    [type] => ->
                    [args] => Array
                        (
                            [0] => select a.*,b.* from hua_prod a
            left join hua_prod_pic b on a.prod_id=b.prod_id and b.pic_seq=0
            where a.prod_id in () and prod_cat=1
                        )

                )

            [3] => Array
                (
                    [file] => /Users/liuxiao/Sites/huafaner/bll/prodBll.inc
                    [line] => 118
                    [function] => getProdByids
                    [class] => prodDal
                    [type] => ::
                    [args] => Array
                        (
                            [0] => 
                        )

                )

            [4] => Array
                (
                    [file] => /Users/liuxiao/Sites/huafaner/sub.php
                    [line] => 12
                    [function] => getProdByids
                    [class] => prodBll
                    [type] => ::
                    [args] => Array
                        (
                            [0] => 
                        )

                )

        )

    [previous:Exception:private] => 
    [errorInfo] => Array
        (
            [0] => 42000
            [1] => 1064
            [2] => You have an error in your SQL syntax; check the manual that corresponds to your MySQL server version for the right syntax to use near ') and prod_cat=1' at line 3
        )

)
<--
20121215 16:05:53-->allPrepare Error!: SQLSTATE[23000]: Integrity constraint violation: 1052 Column 'prod_id' in field list is ambiguous
:::PDOException Object
(
    [message:protected] => SQLSTATE[23000]: Integrity constraint violation: 1052 Column 'prod_id' in field list is ambiguous
    [string:Exception:private] => 
    [code:protected] => 23000
    [file:protected] => /Users/liuxiao/Sites/huafaner/lib/myPDO.inc
    [line:protected] => 60
    [trace:Exception:private] => Array
        (
            [0] => Array
                (
                    [file] => /Users/liuxiao/Sites/huafaner/lib/myPDO.inc
                    [line] => 60
                    [function] => execute
                    [class] => PDOStatement
                    [type] => ->
                    [args] => Array
                        (
                        )

                )

            [1] => Array
                (
                    [file] => /Users/liuxiao/Sites/huafaner/lib/myPDO.inc
                    [line] => 104
                    [function] => bindParams
                    [class] => myPDO
                    [type] => ->
                    [args] => Array
                        (
                            [0] => PDOStatement Object
                                (
                                    [queryString] => 
            select prod_id,b.pic_path from hua_prod_tag a
            left join hua_prod_pic b on a.prod_id=b.prod_id
            where a.tag_id in
            (
                select tag_id from hua_prod_tag where prod_id='52'
            )
            and b.pic_seq=2
        
                                )

                            [1] => Array
                                (
                                )

                        )

                )

            [2] => Array
                (
                    [file] => /Users/liuxiao/Sites/huafaner/dal/prodDal.inc
                    [line] => 258
                    [function] => allPrepare
                    [class] => myPDO
                    [type] => ->
                    [args] => Array
                        (
                            [0] => 
            select prod_id,b.pic_path from hua_prod_tag a
            left join hua_prod_pic b on a.prod_id=b.prod_id
            where a.tag_id in
            (
                select tag_id from hua_prod_tag where prod_id='52'
            )
            and b.pic_seq=2
        
                        )

                )

            [3] => Array
                (
                    [file] => /Users/liuxiao/Sites/huafaner/bll/prodBll.inc
                    [line] => 187
                    [function] => prodAlsoTag
                    [class] => prodDal
                    [type] => ::
                    [args] => Array
                        (
                            [0] => 52
                        )

                )

            [4] => Array
                (
                    [file] => /Users/liuxiao/Sites/huafaner/prod.php
                    [line] => 10
                    [function] => prodAlsoTag
                    [class] => prodBll
                    [type] => ::
                    [args] => Array
                        (
                            [0] => 52
                        )

                )

        )

    [previous:Exception:private] => 
    [errorInfo] => Array
        (
            [0] => 23000
            [1] => 1052
            [2] => Column 'prod_id' in field list is ambiguous
        )

)
<--
20121215 16:05:56-->allPrepare Error!: SQLSTATE[23000]: Integrity constraint violation: 1052 Column 'prod_id' in field list is ambiguous
:::PDOException Object
(
    [message:protected] => SQLSTATE[23000]: Integrity constraint violation: 1052 Column 'prod_id' in field list is ambiguous
    [string:Exception:private] => 
    [code:protected] => 23000
    [file:protected] => /Users/liuxiao/Sites/huafaner/lib/myPDO.inc
    [line:protected] => 60
    [trace:Exception:private] => Array
        (
            [0] => Array
                (
                    [file] => /Users/liuxiao/Sites/huafaner/lib/myPDO.inc
                    [line] => 60
                    [function] => execute
                    [class] => PDOStatement
                    [type] => ->
                    [args] => Array
                        (
                        )

                )

            [1] => Array
                (
                    [file] => /Users/liuxiao/Sites/huafaner/lib/myPDO.inc
                    [line] => 104
                    [function] => bindParams
                    [class] => myPDO
                    [type] => ->
                    [args] => Array
                        (
                            [0] => PDOStatement Object
                                (
                                    [queryString] => 
            select prod_id,b.pic_path from hua_prod_tag a
            left join hua_prod_pic b on a.prod_id=b.prod_id
            where a.tag_id in
            (
                select tag_id from hua_prod_tag where prod_id='52'
            )
            and b.pic_seq=2
        
                                )

                            [1] => Array
                                (
                                )

                        )

                )

            [2] => Array
                (
                    [file] => /Users/liuxiao/Sites/huafaner/dal/prodDal.inc
                    [line] => 258
                    [function] => allPrepare
                    [class] => myPDO
                    [type] => ->
                    [args] => Array
                        (
                            [0] => 
            select prod_id,b.pic_path from hua_prod_tag a
            left join hua_prod_pic b on a.prod_id=b.prod_id
            where a.tag_id in
            (
                select tag_id from hua_prod_tag where prod_id='52'
            )
            and b.pic_seq=2
        
                        )

                )

            [3] => Array
                (
                    [file] => /Users/liuxiao/Sites/huafaner/bll/prodBll.inc
                    [line] => 187
                    [function] => prodAlsoTag
                    [class] => prodDal
                    [type] => ::
                    [args] => Array
                        (
                            [0] => 52
                        )

                )

            [4] => Array
                (
                    [file] => /Users/liuxiao/Sites/huafaner/prod.php
                    [line] => 10
                    [function] => prodAlsoTag
                    [class] => prodBll
                    [type] => ::
                    [args] => Array
                        (
                            [0] => 52
                        )

                )

        )

    [previous:Exception:private] => 
    [errorInfo] => Array
        (
            [0] => 23000
            [1] => 1052
            [2] => Column 'prod_id' in field list is ambiguous
        )

)
<--
20121215 16:06:27-->allPrepare Error!: SQLSTATE[42000]: Syntax error or access violation: 1064 You have an error in your SQL syntax; check the manual that corresponds to your MySQL server version for the right syntax to use near ') and prod_cat=1' at line 3
:::PDOException Object
(
    [message:protected] => SQLSTATE[42000]: Syntax error or access violation: 1064 You have an error in your SQL syntax; check the manual that corresponds to your MySQL server version for the right syntax to use near ') and prod_cat=1' at line 3
    [string:Exception:private] => 
    [code:protected] => 42000
    [file:protected] => /Users/liuxiao/Sites/huafaner/lib/myPDO.inc
    [line:protected] => 60
    [trace:Exception:private] => Array
        (
            [0] => Array
                (
                    [file] => /Users/liuxiao/Sites/huafaner/lib/myPDO.inc
                    [line] => 60
                    [function] => execute
                    [class] => PDOStatement
                    [type] => ->
                    [args] => Array
                        (
                        )

                )

            [1] => Array
                (
                    [file] => /Users/liuxiao/Sites/huafaner/lib/myPDO.inc
                    [line] => 104
                    [function] => bindParams
                    [class] => myPDO
                    [type] => ->
                    [args] => Array
                        (
                            [0] => PDOStatement Object
                                (
                                    [queryString] => select a.*,b.* from hua_prod a
            left join hua_prod_pic b on a.prod_id=b.prod_id and b.pic_seq=0
            where a.prod_id in () and prod_cat=1
                                )

                            [1] => Array
                                (
                                )

                        )

                )

            [2] => Array
                (
                    [file] => /Users/liuxiao/Sites/huafaner/dal/prodDal.inc
                    [line] => 159
                    [function] => allPrepare
                    [class] => myPDO
                    [type] => ->
                    [args] => Array
                        (
                            [0] => select a.*,b.* from hua_prod a
            left join hua_prod_pic b on a.prod_id=b.prod_id and b.pic_seq=0
            where a.prod_id in () and prod_cat=1
                        )

                )

            [3] => Array
                (
                    [file] => /Users/liuxiao/Sites/huafaner/bll/prodBll.inc
                    [line] => 118
                    [function] => getProdByids
                    [class] => prodDal
                    [type] => ::
                    [args] => Array
                        (
                            [0] => 
                        )

                )

            [4] => Array
                (
                    [file] => /Users/liuxiao/Sites/huafaner/sub.php
                    [line] => 12
                    [function] => getProdByids
                    [class] => prodBll
                    [type] => ::
                    [args] => Array
                        (
                            [0] => 
                        )

                )

        )

    [previous:Exception:private] => 
    [errorInfo] => Array
        (
            [0] => 42000
            [1] => 1064
            [2] => You have an error in your SQL syntax; check the manual that corresponds to your MySQL server version for the right syntax to use near ') and prod_cat=1' at line 3
        )

)
<--
20121215 16:06:33-->allPrepare Error!: SQLSTATE[42000]: Syntax error or access violation: 1064 You have an error in your SQL syntax; check the manual that corresponds to your MySQL server version for the right syntax to use near ') and prod_cat=1' at line 3
:::PDOException Object
(
    [message:protected] => SQLSTATE[42000]: Syntax error or access violation: 1064 You have an error in your SQL syntax; check the manual that corresponds to your MySQL server version for the right syntax to use near ') and prod_cat=1' at line 3
    [string:Exception:private] => 
    [code:protected] => 42000
    [file:protected] => /Users/liuxiao/Sites/huafaner/lib/myPDO.inc
    [line:protected] => 60
    [trace:Exception:private] => Array
        (
            [0] => Array
                (
                    [file] => /Users/liuxiao/Sites/huafaner/lib/myPDO.inc
                    [line] => 60
                    [function] => execute
                    [class] => PDOStatement
                    [type] => ->
                    [args] => Array
                        (
                        )

                )

            [1] => Array
                (
                    [file] => /Users/liuxiao/Sites/huafaner/lib/myPDO.inc
                    [line] => 104
                    [function] => bindParams
                    [class] => myPDO
                    [type] => ->
                    [args] => Array
                        (
                            [0] => PDOStatement Object
                                (
                                    [queryString] => select a.*,b.* from hua_prod a
            left join hua_prod_pic b on a.prod_id=b.prod_id and b.pic_seq=0
            where a.prod_id in () and prod_cat=1
                                )

                            [1] => Array
                                (
                                )

                        )

                )

            [2] => Array
                (
                    [file] => /Users/liuxiao/Sites/huafaner/dal/prodDal.inc
                    [line] => 159
                    [function] => allPrepare
                    [class] => myPDO
                    [type] => ->
                    [args] => Array
                        (
                            [0] => select a.*,b.* from hua_prod a
            left join hua_prod_pic b on a.prod_id=b.prod_id and b.pic_seq=0
            where a.prod_id in () and prod_cat=1
                        )

                )

            [3] => Array
                (
                    [file] => /Users/liuxiao/Sites/huafaner/bll/prodBll.inc
                    [line] => 118
                    [function] => getProdByids
                    [class] => prodDal
                    [type] => ::
                    [args] => Array
                        (
                            [0] => 
                        )

                )

            [4] => Array
                (
                    [file] => /Users/liuxiao/Sites/huafaner/sub.php
                    [line] => 12
                    [function] => getProdByids
                    [class] => prodBll
                    [type] => ::
                    [args] => Array
                        (
                            [0] => 
                        )

                )

        )

    [previous:Exception:private] => 
    [errorInfo] => Array
        (
            [0] => 42000
            [1] => 1064
            [2] => You have an error in your SQL syntax; check the manual that corresponds to your MySQL server version for the right syntax to use near ') and prod_cat=1' at line 3
        )

)
<--
20121215 16:07:22-->allPrepare Error!: SQLSTATE[42000]: Syntax error or access violation: 1064 You have an error in your SQL syntax; check the manual that corresponds to your MySQL server version for the right syntax to use near ') and prod_cat=1' at line 3
:::PDOException Object
(
    [message:protected] => SQLSTATE[42000]: Syntax error or access violation: 1064 You have an error in your SQL syntax; check the manual that corresponds to your MySQL server version for the right syntax to use near ') and prod_cat=1' at line 3
    [string:Exception:private] => 
    [code:protected] => 42000
    [file:protected] => /Users/liuxiao/Sites/huafaner/lib/myPDO.inc
    [line:protected] => 60
    [trace:Exception:private] => Array
        (
            [0] => Array
                (
                    [file] => /Users/liuxiao/Sites/huafaner/lib/myPDO.inc
                    [line] => 60
                    [function] => execute
                    [class] => PDOStatement
                    [type] => ->
                    [args] => Array
                        (
                        )

                )

            [1] => Array
                (
                    [file] => /Users/liuxiao/Sites/huafaner/lib/myPDO.inc
                    [line] => 104
                    [function] => bindParams
                    [class] => myPDO
                    [type] => ->
                    [args] => Array
                        (
                            [0] => PDOStatement Object
                                (
                                    [queryString] => select a.*,b.* from hua_prod a
            left join hua_prod_pic b on a.prod_id=b.prod_id and b.pic_seq=0
            where a.prod_id in () and prod_cat=1
                                )

                            [1] => Array
                                (
                                )

                        )

                )

            [2] => Array
                (
                    [file] => /Users/liuxiao/Sites/huafaner/dal/prodDal.inc
                    [line] => 159
                    [function] => allPrepare
                    [class] => myPDO
                    [type] => ->
                    [args] => Array
                        (
                            [0] => select a.*,b.* from hua_prod a
            left join hua_prod_pic b on a.prod_id=b.prod_id and b.pic_seq=0
            where a.prod_id in () and prod_cat=1
                        )

                )

            [3] => Array
                (
                    [file] => /Users/liuxiao/Sites/huafaner/bll/prodBll.inc
                    [line] => 118
                    [function] => getProdByids
                    [class] => prodDal
                    [type] => ::
                    [args] => Array
                        (
                            [0] => 
                        )

                )

            [4] => Array
                (
                    [file] => /Users/liuxiao/Sites/huafaner/sub.php
                    [line] => 12
                    [function] => getProdByids
                    [class] => prodBll
                    [type] => ::
                    [args] => Array
                        (
                            [0] => 
                        )

                )

        )

    [previous:Exception:private] => 
    [errorInfo] => Array
        (
            [0] => 42000
            [1] => 1064
            [2] => You have an error in your SQL syntax; check the manual that corresponds to your MySQL server version for the right syntax to use near ') and prod_cat=1' at line 3
        )

)
<--
20121215 16:07:47-->allPrepare Error!: SQLSTATE[42000]: Syntax error or access violation: 1064 You have an error in your SQL syntax; check the manual that corresponds to your MySQL server version for the right syntax to use near ') and prod_cat=1' at line 3
:::PDOException Object
(
    [message:protected] => SQLSTATE[42000]: Syntax error or access violation: 1064 You have an error in your SQL syntax; check the manual that corresponds to your MySQL server version for the right syntax to use near ') and prod_cat=1' at line 3
    [string:Exception:private] => 
    [code:protected] => 42000
    [file:protected] => /Users/liuxiao/Sites/huafaner/lib/myPDO.inc
    [line:protected] => 60
    [trace:Exception:private] => Array
        (
            [0] => Array
                (
                    [file] => /Users/liuxiao/Sites/huafaner/lib/myPDO.inc
                    [line] => 60
                    [function] => execute
                    [class] => PDOStatement
                    [type] => ->
                    [args] => Array
                        (
                        )

                )

            [1] => Array
                (
                    [file] => /Users/liuxiao/Sites/huafaner/lib/myPDO.inc
                    [line] => 104
                    [function] => bindParams
                    [class] => myPDO
                    [type] => ->
                    [args] => Array
                        (
                            [0] => PDOStatement Object
                                (
                                    [queryString] => select a.*,b.* from hua_prod a
            left join hua_prod_pic b on a.prod_id=b.prod_id and b.pic_seq=0
            where a.prod_id in () and prod_cat=1
                                )

                            [1] => Array
                                (
                                )

                        )

                )

            [2] => Array
                (
                    [file] => /Users/liuxiao/Sites/huafaner/dal/prodDal.inc
                    [line] => 159
                    [function] => allPrepare
                    [class] => myPDO
                    [type] => ->
                    [args] => Array
                        (
                            [0] => select a.*,b.* from hua_prod a
            left join hua_prod_pic b on a.prod_id=b.prod_id and b.pic_seq=0
            where a.prod_id in () and prod_cat=1
                        )

                )

            [3] => Array
                (
                    [file] => /Users/liuxiao/Sites/huafaner/bll/prodBll.inc
                    [line] => 118
                    [function] => getProdByids
                    [class] => prodDal
                    [type] => ::
                    [args] => Array
                        (
                            [0] => 
                        )

                )

            [4] => Array
                (
                    [file] => /Users/liuxiao/Sites/huafaner/sub.php
                    [line] => 12
                    [function] => getProdByids
                    [class] => prodBll
                    [type] => ::
                    [args] => Array
                        (
                            [0] => 
                        )

                )

        )

    [previous:Exception:private] => 
    [errorInfo] => Array
        (
            [0] => 42000
            [1] => 1064
            [2] => You have an error in your SQL syntax; check the manual that corresponds to your MySQL server version for the right syntax to use near ') and prod_cat=1' at line 3
        )

)
<--
20121215 16:14:11-->allPrepare Error!: SQLSTATE[23000]: Integrity constraint violation: 1052 Column 'prod_id' in field list is ambiguous
:::PDOException Object
(
    [message:protected] => SQLSTATE[23000]: Integrity constraint violation: 1052 Column 'prod_id' in field list is ambiguous
    [string:Exception:private] => 
    [code:protected] => 23000
    [file:protected] => /Users/liuxiao/Sites/huafaner/lib/myPDO.inc
    [line:protected] => 60
    [trace:Exception:private] => Array
        (
            [0] => Array
                (
                    [file] => /Users/liuxiao/Sites/huafaner/lib/myPDO.inc
                    [line] => 60
                    [function] => execute
                    [class] => PDOStatement
                    [type] => ->
                    [args] => Array
                        (
                        )

                )

            [1] => Array
                (
                    [file] => /Users/liuxiao/Sites/huafaner/lib/myPDO.inc
                    [line] => 104
                    [function] => bindParams
                    [class] => myPDO
                    [type] => ->
                    [args] => Array
                        (
                            [0] => PDOStatement Object
                                (
                                    [queryString] => 
            select prod_id,b.pic_path from hua_prod_tag a
            left join hua_prod_pic b on a.prod_id=b.prod_id
            where a.tag_id in
            (
                select tag_id from hua_prod_tag where prod_id='52'
            )
            and b.pic_seq=2
        
                                )

                            [1] => Array
                                (
                                )

                        )

                )

            [2] => Array
                (
                    [file] => /Users/liuxiao/Sites/huafaner/dal/prodDal.inc
                    [line] => 258
                    [function] => allPrepare
                    [class] => myPDO
                    [type] => ->
                    [args] => Array
                        (
                            [0] => 
            select prod_id,b.pic_path from hua_prod_tag a
            left join hua_prod_pic b on a.prod_id=b.prod_id
            where a.tag_id in
            (
                select tag_id from hua_prod_tag where prod_id='52'
            )
            and b.pic_seq=2
        
                        )

                )

            [3] => Array
                (
                    [file] => /Users/liuxiao/Sites/huafaner/bll/prodBll.inc
                    [line] => 187
                    [function] => prodAlsoTag
                    [class] => prodDal
                    [type] => ::
                    [args] => Array
                        (
                            [0] => 52
                        )

                )

            [4] => Array
                (
                    [file] => /Users/liuxiao/Sites/huafaner/prod.php
                    [line] => 10
                    [function] => prodAlsoTag
                    [class] => prodBll
                    [type] => ::
                    [args] => Array
                        (
                            [0] => 52
                        )

                )

        )

    [previous:Exception:private] => 
    [errorInfo] => Array
        (
            [0] => 23000
            [1] => 1052
            [2] => Column 'prod_id' in field list is ambiguous
        )

)
<--
20121215 16:20:15-->allPrepare Error!: SQLSTATE[23000]: Integrity constraint violation: 1052 Column 'prod_id' in field list is ambiguous
:::PDOException Object
(
    [message:protected] => SQLSTATE[23000]: Integrity constraint violation: 1052 Column 'prod_id' in field list is ambiguous
    [string:Exception:private] => 
    [code:protected] => 23000
    [file:protected] => /Users/liuxiao/Sites/huafaner/lib/myPDO.inc
    [line:protected] => 60
    [trace:Exception:private] => Array
        (
            [0] => Array
                (
                    [file] => /Users/liuxiao/Sites/huafaner/lib/myPDO.inc
                    [line] => 60
                    [function] => execute
                    [class] => PDOStatement
                    [type] => ->
                    [args] => Array
                        (
                        )

                )

            [1] => Array
                (
                    [file] => /Users/liuxiao/Sites/huafaner/lib/myPDO.inc
                    [line] => 104
                    [function] => bindParams
                    [class] => myPDO
                    [type] => ->
                    [args] => Array
                        (
                            [0] => PDOStatement Object
                                (
                                    [queryString] => 
            select prod_id,b.pic_path from hua_prod_tag a
            left join hua_prod_pic b on a.prod_id=b.prod_id
            where a.tag_id in
            (
                select tag_id from hua_prod_tag where prod_id='52'
            )
            and b.pic_seq=2
        
                                )

                            [1] => Array
                                (
                                )

                        )

                )

            [2] => Array
                (
                    [file] => /Users/liuxiao/Sites/huafaner/dal/prodDal.inc
                    [line] => 258
                    [function] => allPrepare
                    [class] => myPDO
                    [type] => ->
                    [args] => Array
                        (
                            [0] => 
            select prod_id,b.pic_path from hua_prod_tag a
            left join hua_prod_pic b on a.prod_id=b.prod_id
            where a.tag_id in
            (
                select tag_id from hua_prod_tag where prod_id='52'
            )
            and b.pic_seq=2
        
                        )

                )

            [3] => Array
                (
                    [file] => /Users/liuxiao/Sites/huafaner/bll/prodBll.inc
                    [line] => 187
                    [function] => prodAlsoTag
                    [class] => prodDal
                    [type] => ::
                    [args] => Array
                        (
                            [0] => 52
                        )

                )

            [4] => Array
                (
                    [file] => /Users/liuxiao/Sites/huafaner/prod.php
                    [line] => 10
                    [function] => prodAlsoTag
                    [class] => prodBll
                    [type] => ::
                    [args] => Array
                        (
                            [0] => 52
                        )

                )

        )

    [previous:Exception:private] => 
    [errorInfo] => Array
        (
            [0] => 23000
            [1] => 1052
            [2] => Column 'prod_id' in field list is ambiguous
        )

)
<--
20121215 16:23:20-->allPrepare Error!: SQLSTATE[23000]: Integrity constraint violation: 1052 Column 'prod_id' in field list is ambiguous
:::PDOException Object
(
    [message:protected] => SQLSTATE[23000]: Integrity constraint violation: 1052 Column 'prod_id' in field list is ambiguous
    [string:Exception:private] => 
    [code:protected] => 23000
    [file:protected] => /Users/liuxiao/Sites/huafaner/lib/myPDO.inc
    [line:protected] => 60
    [trace:Exception:private] => Array
        (
            [0] => Array
                (
                    [file] => /Users/liuxiao/Sites/huafaner/lib/myPDO.inc
                    [line] => 60
                    [function] => execute
                    [class] => PDOStatement
                    [type] => ->
                    [args] => Array
                        (
                        )

                )

            [1] => Array
                (
                    [file] => /Users/liuxiao/Sites/huafaner/lib/myPDO.inc
                    [line] => 104
                    [function] => bindParams
                    [class] => myPDO
                    [type] => ->
                    [args] => Array
                        (
                            [0] => PDOStatement Object
                                (
                                    [queryString] => 
            select prod_id,b.pic_path from hua_prod_tag a
            left join hua_prod_pic b on a.prod_id=b.prod_id
            where a.tag_id in
            (
                select tag_id from hua_prod_tag where prod_id='52'
            )
            and b.pic_seq=2
        
                                )

                            [1] => Array
                                (
                                )

                        )

                )

            [2] => Array
                (
                    [file] => /Users/liuxiao/Sites/huafaner/dal/prodDal.inc
                    [line] => 258
                    [function] => allPrepare
                    [class] => myPDO
                    [type] => ->
                    [args] => Array
                        (
                            [0] => 
            select prod_id,b.pic_path from hua_prod_tag a
            left join hua_prod_pic b on a.prod_id=b.prod_id
            where a.tag_id in
            (
                select tag_id from hua_prod_tag where prod_id='52'
            )
            and b.pic_seq=2
        
                        )

                )

            [3] => Array
                (
                    [file] => /Users/liuxiao/Sites/huafaner/bll/prodBll.inc
                    [line] => 187
                    [function] => prodAlsoTag
                    [class] => prodDal
                    [type] => ::
                    [args] => Array
                        (
                            [0] => 52
                        )

                )

            [4] => Array
                (
                    [file] => /Users/liuxiao/Sites/huafaner/prod.php
                    [line] => 10
                    [function] => prodAlsoTag
                    [class] => prodBll
                    [type] => ::
                    [args] => Array
                        (
                            [0] => 52
                        )

                )

        )

    [previous:Exception:private] => 
    [errorInfo] => Array
        (
            [0] => 23000
            [1] => 1052
            [2] => Column 'prod_id' in field list is ambiguous
        )

)
<--