
20121211 18:24:26-->allPrepare Error!: SQLSTATE[42000]: Syntax error or access violation: 1064 You have an error in your SQL syntax; check the manual that corresponds to your MySQL server version for the right syntax to use near ') and prod_cat=1' at line 3
:::PDOException Object
(
    [message:protected] => SQLSTATE[42000]: Syntax error or access violation: 1064 You have an error in your SQL syntax; check the manual that corresponds to your MySQL server version for the right syntax to use near ') and prod_cat=1' at line 3
    [string:Exception:private] => 
    [code:protected] => 42000
    [file:protected] => /Users/liuxiao/Sites/huafaner/lib/myPDO.inc
    [line:protected] => 60
    [trace:Exception:private] => Array
        (
            [0] => Array
                (
                    [file] => /Users/liuxiao/Sites/huafaner/lib/myPDO.inc
                    [line] => 60
                    [function] => execute
                    [class] => PDOStatement
                    [type] => ->
                    [args] => Array
                        (
                        )

                )

            [1] => Array
                (
                    [file] => /Users/liuxiao/Sites/huafaner/lib/myPDO.inc
                    [line] => 104
                    [function] => bindParams
                    [class] => myPDO
                    [type] => ->
                    [args] => Array
                        (
                            [0] => PDOStatement Object
                                (
                                    [queryString] => select a.*,b.* from hua_prod a
            left join hua_prod_pic b on a.prod_id=b.prod_id and b.pic_seq=0
            where a.prod_id in () and prod_cat=1
                                )

                            [1] => Array
                                (
                                )

                        )

                )

            [2] => Array
                (
                    [file] => /Users/liuxiao/Sites/huafaner/dal/prodDal.inc
                    [line] => 159
                    [function] => allPrepare
                    [class] => myPDO
                    [type] => ->
                    [args] => Array
                        (
                            [0] => select a.*,b.* from hua_prod a
            left join hua_prod_pic b on a.prod_id=b.prod_id and b.pic_seq=0
            where a.prod_id in () and prod_cat=1
                        )

                )

            [3] => Array
                (
                    [file] => /Users/liuxiao/Sites/huafaner/bll/prodBll.inc
                    [line] => 118
                    [function] => getProdByids
                    [class] => prodDal
                    [type] => ::
                    [args] => Array
                        (
                            [0] => 
                        )

                )

            [4] => Array
                (
                    [file] => /Users/liuxiao/Sites/huafaner/sub.php
                    [line] => 12
                    [function] => getProdByids
                    [class] => prodBll
                    [type] => ::
                    [args] => Array
                        (
                            [0] => 
                        )

                )

        )

    [previous:Exception:private] => 
    [errorInfo] => Array
        (
            [0] => 42000
            [1] => 1064
            [2] => You have an error in your SQL syntax; check the manual that corresponds to your MySQL server version for the right syntax to use near ') and prod_cat=1' at line 3
        )

)
<--
20121211 18:24:44-->allPrepare Error!: SQLSTATE[42000]: Syntax error or access violation: 1064 You have an error in your SQL syntax; check the manual that corresponds to your MySQL server version for the right syntax to use near ') and prod_cat=1' at line 3
:::PDOException Object
(
    [message:protected] => SQLSTATE[42000]: Syntax error or access violation: 1064 You have an error in your SQL syntax; check the manual that corresponds to your MySQL server version for the right syntax to use near ') and prod_cat=1' at line 3
    [string:Exception:private] => 
    [code:protected] => 42000
    [file:protected] => /Users/liuxiao/Sites/huafaner/lib/myPDO.inc
    [line:protected] => 60
    [trace:Exception:private] => Array
        (
            [0] => Array
                (
                    [file] => /Users/liuxiao/Sites/huafaner/lib/myPDO.inc
                    [line] => 60
                    [function] => execute
                    [class] => PDOStatement
                    [type] => ->
                    [args] => Array
                        (
                        )

                )

            [1] => Array
                (
                    [file] => /Users/liuxiao/Sites/huafaner/lib/myPDO.inc
                    [line] => 104
                    [function] => bindParams
                    [class] => myPDO
                    [type] => ->
                    [args] => Array
                        (
                            [0] => PDOStatement Object
                                (
                                    [queryString] => select a.*,b.* from hua_prod a
            left join hua_prod_pic b on a.prod_id=b.prod_id and b.pic_seq=0
            where a.prod_id in () and prod_cat=1
                                )

                            [1] => Array
                                (
                                )

                        )

                )

            [2] => Array
                (
                    [file] => /Users/liuxiao/Sites/huafaner/dal/prodDal.inc
                    [line] => 159
                    [function] => allPrepare
                    [class] => myPDO
                    [type] => ->
                    [args] => Array
                        (
                            [0] => select a.*,b.* from hua_prod a
            left join hua_prod_pic b on a.prod_id=b.prod_id and b.pic_seq=0
            where a.prod_id in () and prod_cat=1
                        )

                )

            [3] => Array
                (
                    [file] => /Users/liuxiao/Sites/huafaner/bll/prodBll.inc
                    [line] => 118
                    [function] => getProdByids
                    [class] => prodDal
                    [type] => ::
                    [args] => Array
                        (
                            [0] => 
                        )

                )

            [4] => Array
                (
                    [file] => /Users/liuxiao/Sites/huafaner/sub.php
                    [line] => 12
                    [function] => getProdByids
                    [class] => prodBll
                    [type] => ::
                    [args] => Array
                        (
                            [0] => 
                        )

                )

        )

    [previous:Exception:private] => 
    [errorInfo] => Array
        (
            [0] => 42000
            [1] => 1064
            [2] => You have an error in your SQL syntax; check the manual that corresponds to your MySQL server version for the right syntax to use near ') and prod_cat=1' at line 3
        )

)
<--